[31-Dec-2024 16:41:57 UTC] Incoming request: Array
(
)

[31-Dec-2024 16:41:57 UTC] Raw input: 
[31-Dec-2024 16:41:57 UTC] Incoming request: Array
(
)

[31-Dec-2024 16:41:57 UTC] Raw input: {"email":"molina@gmail.com","password":"Molina@00","username":"molina","confirmPassword":"Molina@00","created_at":"2024-12-31T16:41:57.441Z"}
[31-Dec-2024 16:41:57 UTC] PHP Warning:  Undefined variable $db_host in C:\xampp2\htdocs\api\user_register.php on line 28
[31-Dec-2024 16:41:57 UTC] PHP Warning:  Undefined variable $db_name in C:\xampp2\htdocs\api\user_register.php on line 28
[31-Dec-2024 16:41:57 UTC] PHP Warning:  Undefined variable $db_user in C:\xampp2\htdocs\api\user_register.php on line 28
[31-Dec-2024 16:41:57 UTC] PHP Warning:  Undefined variable $db_pass in C:\xampp2\htdocs\api\user_register.php on line 28
[31-Dec-2024 16:41:57 UTC] Database error: SQLSTATE[HY000] [1045] Access denied for user ''@'localhost' (using password: NO)
[31-Dec-2024 16:42:39 UTC] Incoming request: Array
(
)

[31-Dec-2024 16:42:39 UTC] Raw input: 
[31-Dec-2024 16:42:39 UTC] Incoming request: Array
(
)

[31-Dec-2024 16:42:39 UTC] Raw input: {"email":"molina@gmail.com","password":"Molina@00","username":"molina","confirmPassword":"Molina@00","created_at":"2024-12-31T16:42:39.390Z"}
[31-Dec-2024 18:17:59 UTC] Incoming request: Array
(
)

[31-Dec-2024 18:17:59 UTC] Raw input: 
[31-Dec-2024 18:17:59 UTC] Incoming request: Array
(
)

[31-Dec-2024 18:17:59 UTC] Raw input: {"username":"ignasio","email":"ignasio@gmail.com","password":"Dimaraja@00","confirmPassword":"Dimaraja@00","avatar":"","bio":"","is_verified":1,"created_at":"2024-12-31T18:17:59.600Z"}
[31-Dec-2024 22:03:07 UTC] Incoming request: Array
(
    [username] => iwni
    [email] => inwi@gmail.com
    [password] => Vamosrca@00
    [bio] => nyunyun
    [is_verified] => 1
    [created_at] => 2024-12-31T22:03:07.445Z
)

[31-Dec-2024 22:03:07 UTC] Raw input: 
[31-Dec-2024 22:07:05 UTC] Incoming request: Array
(
    [username] => dolino
    [email] => dolino@gmail.com
    [password] => Dolino@00
    [bio] => frtttt
    [is_verified] => 1
    [created_at] => 2024-12-31T22:07:05.023Z
)

[31-Dec-2024 22:07:05 UTC] Raw input: 
[31-Dec-2024 22:10:42 UTC] Incoming request: Array
(
    [username] => Moulchi
    [email] => moulchi@gmail.com
    [password] => Azerty@00
    [bio] => yes
    [is_verified] => 1
    [created_at] => 2024-12-31T22:10:42.650Z
)

[31-Dec-2024 22:10:42 UTC] Raw input: 
[31-Dec-2024 22:10:42 UTC] Database error: SQLSTATE[42S22]: Column not found: 1054 Unknown column 'participant' in 'field list'
[31-Dec-2024 22:11:13 UTC] Incoming request: Array
(
    [username] => Moulchi
    [email] => moulchi@gmail.com
    [password] => Azerty@00
    [bio] => yes
    [is_verified] => 1
    [created_at] => 2024-12-31T22:11:13.892Z
)

[31-Dec-2024 22:11:13 UTC] Raw input: 
[31-Dec-2024 22:11:14 UTC] Database error: SQLSTATE[42S22]: Column not found: 1054 Unknown column 'participant' in 'field list'
[31-Dec-2024 22:13:19 UTC] Incoming request: Array
(
    [username] => Moulchi
    [email] => moulchi@gmail.com
    [password] => Azerty@00
    [bio] => yes
    [is_verified] => 1
    [created_at] => 2024-12-31T22:13:19.538Z
)

[31-Dec-2024 22:13:19 UTC] Raw input: 
